<?xml version="1.0" encoding="UTF-8"?>
<testsuite xmlns:xsi="http://www.w3.org/2001/XMLSchema-instance" xsi:noNamespaceSchemaLocation="https://maven.apache.org/surefire/maven-surefire-plugin/xsd/surefire-test-report.xsd" name="TestSuite" time="102.525" tests="4" errors="0" skipped="0" failures="0">
  <properties>
[...]
</properties>
  <testcase name="testValidLogin" classname="scripts.TestValidLogin" time="4.593"/>
  <testcase name="testValidLogin" classname="scripts.TestValidLogin" time="2.616"/>
  <testcase name="testInvalidLogin" classname="scripts.TestInvalidLogin" time="38.434"/>
  <testcase name="testInvalidLogin" classname="scripts.TestInvalidLogin" time="53.521"/>
</testsuite>